[15:00:35] [main/INFO]: Using mbed TLS based native cipher.
[15:00:35] [main/INFO]: Using zlib based native compressor.
[15:00:35] [main/INFO]: Enabled Waterfall version git:Waterfall-Bootstrap:1.21-R0.1-SNAPSHOT:de8345a:579
[15:00:35] [main/WARN]: Waterfall has reached end of life and is no longer maintained. We recommend you transition to Velocity (https://papermc.io/software/velocity). For more information, see the announcement (https://forums.papermc.io/threads/1088/).
[15:00:36] [main/INFO]: Not on Windows, attempting to use enhanced EpollEventLoop
[15:00:36] [main/INFO]: Epoll is working, utilising it!
[15:00:36] [main/INFO]: Discovered module: ModuleSpec(name=cmd_alert, file=modules/cmd_alert.jar, provider=JenkinsModuleSource())
[15:00:36] [main/INFO]: Discovered module: ModuleSpec(name=cmd_find, file=modules/cmd_find.jar, provider=JenkinsModuleSource())
[15:00:36] [main/INFO]: Discovered module: ModuleSpec(name=cmd_list, file=modules/cmd_list.jar, provider=JenkinsModuleSource())
[15:00:36] [main/INFO]: Discovered module: ModuleSpec(name=cmd_send, file=modules/cmd_send.jar, provider=JenkinsModuleSource())
[15:00:36] [main/INFO]: Discovered module: ModuleSpec(name=cmd_server, file=modules/cmd_server.jar, provider=JenkinsModuleSource())
[15:00:36] [main/INFO]: Discovered module: ModuleSpec(name=reconnect_yaml, file=modules/reconnect_yaml.jar, provider=JenkinsModuleSource())
[15:00:36] [main/INFO]: Attempting to update plugin from null to ModuleVersion(build=579, git=de8345a)
[15:00:36] [main/INFO]: Attempting to Jenkins download module cmd_alert v579
[15:00:36] [main/INFO]: Download complete
[15:00:36] [main/INFO]: Attempting to update plugin from null to ModuleVersion(build=579, git=de8345a)
[15:00:36] [main/INFO]: Attempting to Jenkins download module cmd_find v579
[15:00:36] [main/INFO]: Download complete
[15:00:36] [main/INFO]: Attempting to update plugin from null to ModuleVersion(build=579, git=de8345a)
[15:00:36] [main/INFO]: Attempting to Jenkins download module cmd_list v579
[15:00:36] [main/INFO]: Download complete
[15:00:36] [main/INFO]: Attempting to update plugin from null to ModuleVersion(build=579, git=de8345a)
[15:00:36] [main/INFO]: Attempting to Jenkins download module cmd_send v579
[15:00:36] [main/INFO]: Download complete
[15:00:36] [main/INFO]: Attempting to update plugin from null to ModuleVersion(build=579, git=de8345a)
[15:00:36] [main/INFO]: Attempting to Jenkins download module cmd_server v579
[15:00:36] [main/INFO]: Download complete
[15:00:36] [main/INFO]: Attempting to update plugin from null to ModuleVersion(build=579, git=de8345a)
[15:00:36] [main/INFO]: Attempting to Jenkins download module reconnect_yaml v579
[15:00:36] [main/INFO]: Download complete
[15:00:37] [main/INFO]: Loaded plugin reconnect_yaml version git:reconnect_yaml:1.21-R0.1-SNAPSHOT:de8345a:579 by WaterfallMC
[15:00:37] [main/INFO]: Loaded plugin cmd_find version git:cmd_find:1.21-R0.1-SNAPSHOT:de8345a:579 by WaterfallMC
[15:00:37] [main/INFO]: Loaded plugin cmd_server version git:cmd_server:1.21-R0.1-SNAPSHOT:de8345a:579 by WaterfallMC
[15:00:37] [main/INFO]: Loaded plugin cmd_alert version git:cmd_alert:1.21-R0.1-SNAPSHOT:de8345a:579 by WaterfallMC
[15:00:37] [main/INFO]: Loaded plugin cmd_send version git:cmd_send:1.21-R0.1-SNAPSHOT:de8345a:579 by WaterfallMC
[15:00:37] [main/INFO]: Loaded plugin cmd_list version git:cmd_list:1.21-R0.1-SNAPSHOT:de8345a:579 by WaterfallMC
[15:00:37] [main/WARN]: :>:>:>:>:>:>:>:>:>:>:>:>:>:>:>:>:>:>:>:>:>:>:>
[15:00:37] [main/WARN]: :>  
[15:00:37] [main/WARN]: :>      EAGLERCRAFTXBUNGEE WARNING:
[15:00:37] [main/WARN]: :>  
[15:00:37] [main/WARN]: :>  This plugin wasn't tested to be 'working'
[15:00:37] [main/WARN]: :>  with ANY version of BungeeCord (and forks)
[15:00:37] [main/WARN]: :>  apart from the versions listed below:
[15:00:37] [main/WARN]: :>  
[15:00:37] [main/WARN]: :>  - BungeeCord: 1.21-R0.1-SNAPSHOT:acb85e3:1871
[15:00:37] [main/WARN]: :>  - Waterfall: 1.21-R0.1-SNAPSHOT:de8345a:579
[15:00:37] [main/WARN]: :>  
[15:00:37] [main/WARN]: :>  This is not a Bukkit/Spigot plugin!
[15:00:37] [main/WARN]: :>  
[15:00:37] [main/WARN]: :>  Use "-Deaglerxbungee.stfu=true" to hide
[15:00:37] [main/WARN]: :>  
[15:00:37] [main/WARN]: :>:>:>:>:>:>:>:>:>:>:>:>:>:>:>:>:>:>:>:>:>:>:>
[15:00:37] [main/INFO] [EaglercraftXBungee]: Loading vanilla profile: lax1dude
[15:00:37] [Skin Download Thread #1/INFO] [EaglercraftXBungee]: Loaded vanilla profile: lax1dude
[15:00:37] [main/INFO]: Loaded plugin EaglercraftXBungee version 1.3.1 by lax1dude
[15:00:37] [main/WARN]: Forced host server pvp is not defined
[15:00:37] [main/INFO]: Enabled plugin reconnect_yaml version git:reconnect_yaml:1.21-R0.1-SNAPSHOT:de8345a:579 by WaterfallMC
[15:00:37] [main/INFO]: Enabled plugin cmd_find version git:cmd_find:1.21-R0.1-SNAPSHOT:de8345a:579 by WaterfallMC
[15:00:37] [main/INFO]: Enabled plugin cmd_server version git:cmd_server:1.21-R0.1-SNAPSHOT:de8345a:579 by WaterfallMC
[15:00:37] [main/INFO]: Enabled plugin cmd_alert version git:cmd_alert:1.21-R0.1-SNAPSHOT:de8345a:579 by WaterfallMC
[15:00:37] [main/INFO]: Enabled plugin cmd_send version git:cmd_send:1.21-R0.1-SNAPSHOT:de8345a:579 by WaterfallMC
[15:00:37] [main/INFO]: Enabled plugin cmd_list version git:cmd_list:1.21-R0.1-SNAPSHOT:de8345a:579 by WaterfallMC
[15:00:37] [main/ERROR] [EaglercraftXBungee]: Online mode is set to false! Authentication system has been disabled
[15:00:37] [Netty Boss IO Thread #0/INFO] [EaglercraftXBungee]: Eaglercraft is listening on: /0.0.0.0:8081
[15:00:37] [main/INFO] [EaglercraftXBungee]: Downloading from maven: https://repo1.maven.org/maven2/org/xerial/sqlite-jdbc/3.45.0.0/sqlite-jdbc-3.45.0.0.jar
[15:00:38] [main/INFO] [EaglercraftXBungee]: Connected to database: jdbc:sqlite:eaglercraft_skins_cache.db
[15:00:38] [main/INFO] [EaglercraftXBungee]: Voice chat disabled, add "allow_voice: true" to your listeners to enable
[15:00:38] [main/INFO]: Enabled plugin EaglercraftXBungee version 1.3.1 by lax1dude
[15:00:38] [Netty Boss IO Thread #1/INFO]: Listening on /127.0.0.1:25577
